<?xml version="1.0" encoding="UTF-8"?>
<!-- Generated by org.testng.reporters.JUnitReportReporter -->
<testsuite hostname="Abhishek" failures="0" tests="1" name="testcases.LoginTestCases" time="1.652" errors="0" timestamp="2024-01-10T00:14:38 IST" skipped="0">
  <testcase classname="testcases.LoginTestCases" name="invalidLoginTest" time="1.652"/>
  <system-out/>
</testsuite> <!-- testcases.LoginTestCases -->
