<?xml version="1.0" encoding="UTF-8"?>
<!-- Generated by org.testng.reporters.JUnitReportReporter -->
<testsuite hostname="Abhishek" failures="0" tests="1" name="testcases.LoginTestCases" time="4.946" errors="0" timestamp="2024-01-07T15:58:40 IST" skipped="0">
  <testcase classname="testcases.LoginTestCases" name="invalidLoginTest" time="4.946"/>
  <system-out/>
</testsuite> <!-- testcases.LoginTestCases -->
