<?xml version="1.0" encoding="UTF-8"?>
<!-- Generated by org.testng.reporters.JUnitReportReporter -->
<testsuite hostname="Abhishek" failures="0" tests="2" name="testcases.RegisterTestCases" time="15.114" errors="0" timestamp="2024-01-05T01:27:00 IST" skipped="0">
  <testcase classname="testcases.RegisterTestCases" name="verifyRegisterationWithValidData" time="7.335"/>
  <testcase classname="testcases.RegisterTestCases" name="verifyRegisterationWithInValidData" time="7.779"/>
</testsuite> <!-- testcases.RegisterTestCases -->
