<?xml version="1.0" encoding="UTF-8"?>
<!-- Generated by org.testng.reporters.JUnitReportReporter -->
<testsuite hostname="Abhishek" failures="0" tests="2" name="testcases.RegisterTestCases" time="7.365" errors="0" timestamp="2024-01-05T15:37:40 IST" skipped="0">
  <testcase classname="testcases.RegisterTestCases" name="verifyRegisterationWithInValidData" time="3.289"/>
  <system-out/>
  <testcase classname="testcases.RegisterTestCases" name="verifyRegisterationWithValidData" time="4.076"/>
  <system-out/>
</testsuite> <!-- testcases.RegisterTestCases -->
