<?xml version="1.0" encoding="UTF-8"?>
<!-- Generated by org.testng.reporters.JUnitReportReporter -->
<testsuite hostname="Abhishek" failures="0" tests="1" name="testcases.LoginTestCases" time="4.206" errors="0" timestamp="2024-01-05T15:37:40 IST" skipped="0">
  <testcase classname="testcases.LoginTestCases" name="invalidLoginTest" time="4.206"/>
  <system-out/>
</testsuite> <!-- testcases.LoginTestCases -->
