<?xml version="1.0" encoding="UTF-8"?>
<!-- Generated by org.testng.reporters.JUnitReportReporter -->
<testsuite hostname="Abhishek" failures="0" tests="1" name="testcases.LoginTestCases" time="8.342" errors="0" timestamp="2024-01-05T01:27:00 IST" skipped="0">
  <testcase classname="testcases.LoginTestCases" name="invalidLoginTest" time="8.342"/>
</testsuite> <!-- testcases.LoginTestCases -->
