<?xml version="1.0" encoding="UTF-8"?>
<!-- Generated by org.testng.reporters.JUnitReportReporter -->
<testsuite hostname="Abhishek" failures="0" tests="2" name="testcases.RegisterTestCases" time="9.132" errors="0" timestamp="2024-01-08T23:08:00 IST" skipped="0">
  <testcase classname="testcases.RegisterTestCases" name="verifyRegisterationWithBlankData" time="4.664"/>
  <system-out/>
  <testcase classname="testcases.RegisterTestCases" name="verifyRegisterationWithInValidData" time="4.468"/>
  <system-out/>
</testsuite> <!-- testcases.RegisterTestCases -->
