<?xml version="1.0" encoding="UTF-8"?>
<!-- Generated by org.testng.reporters.JUnitReportReporter -->
<testsuite hostname="Abhishek" failures="0" tests="1" name="testcases.LoginTestCases" time="5.095" errors="0" timestamp="2024-01-11T01:16:47 IST" skipped="0">
  <testcase classname="testcases.LoginTestCases" name="ValidLoginTest" time="5.095"/>
  <system-out/>
</testsuite> <!-- testcases.LoginTestCases -->
