<?xml version="1.0" encoding="UTF-8"?>
<!-- Generated by org.testng.reporters.JUnitReportReporter -->
<testsuite hostname="Abhishek" failures="0" tests="2" name="testcases.RegisterTestCases" time="4.403" errors="0" timestamp="2024-01-11T01:16:47 IST" skipped="0">
  <testcase classname="testcases.RegisterTestCases" name="verifyRegisterationWithBlankData" time="2.204"/>
  <system-out/>
  <testcase classname="testcases.RegisterTestCases" name="verifyRegisterationWithInValidData" time="2.199"/>
  <system-out/>
</testsuite> <!-- testcases.RegisterTestCases -->
