<?xml version="1.0" encoding="UTF-8"?>
<!-- Generated by org.testng.reporters.JUnitReportReporter -->
<testsuite hostname="Abhishek" failures="0" tests="2" name="testcases.RegisterTestCases" time="10.595" errors="0" timestamp="2024-01-10T00:04:18 IST" skipped="0">
  <testcase classname="testcases.RegisterTestCases" name="verifyRegisterationWithBlankData" time="5.384"/>
  <system-out/>
  <testcase classname="testcases.RegisterTestCases" name="verifyRegisterationWithInValidData" time="5.211"/>
  <system-out/>
</testsuite> <!-- testcases.RegisterTestCases -->
